GILDAS Version: 10feb17 (10feb17 06:20 cet) (x86_64-darwin-gfortran-mp-5) executable tree
W-SIC,  Session is not interactive, SIC EDIT and SIC MEMORY off

 * Welcome to MAPPING   

 * Loaded modules
    sic (J.Pety, S.Bardeau, S.Guilloteau, E.Reynier)
    greg (J.Pety, S.Bardeau, S.Guilloteau, E.Reynier)
    mapping (J.Pety, S.Guilloteau, F.Gueth, N.Rodriguez-Fernandez)

 * In charge:              J.Pety
   Active developers:      N.Rodriguez-Fernandez, S.Guilloteau, F.Gueth
   Main past contributors: K.Bouyoucef, R.Lucas

 * MAPPING is an interactive program to image and deconvolve
   (sub)mm interferometric data

 * Questions? Comments? Bug reports? Mail to: gildas@iram.fr

 * For help, type HELP, INPUT and/or INFO at the MAPPING prompt

I-GIO_RIH,  GDFBIG re-allocation      2
W-CLEAR,  CLEAR ALPHA is obsolete
ILENGTH         =           17               ! Integer LOCAL  3   
W-LIMITS,  No range in Y
W-LIMITS,  No range in Y
I-HARDCOPY,  NAME_go_uvfit.plotfit.obj_2.eps created
